<?xml version="1.0" encoding="UTF-8"?>
<testsuite name="com.zero.convpay.service.ConveniencePayServiceTest" tests="4" skipped="0" failures="0" errors="0" timestamp="2022-08-15T09:30:15" hostname="DESKTOP-UT3DH6A" time="0.041">
  <properties/>
  <testcase name="pay_success()" classname="com.zero.convpay.service.ConveniencePayServiceTest" time="0.02"/>
  <testcase name="pay_cancel_fail()" classname="com.zero.convpay.service.ConveniencePayServiceTest" time="0.011"/>
  <testcase name="pay_cancel_success()" classname="com.zero.convpay.service.ConveniencePayServiceTest" time="0.002"/>
  <testcase name="pay_fail()" classname="com.zero.convpay.service.ConveniencePayServiceTest" time="0.002"/>
  <system-out><![CDATA[MoneyAdapter.use : 50
MoneyAdapter.use : 99
MoneyAdapter.use : 1000
MoneyAdapter.use : 1000001
]]></system-out>
  <system-err><![CDATA[]]></system-err>
</testsuite>
