<?xml version="1.0" encoding="UTF-8"?>
<testsuite name="com.zero.convpay.service.CardAdapterTest" tests="4" skipped="0" failures="0" errors="0" timestamp="2022-08-15T09:30:15" hostname="DESKTOP-UT3DH6A" time="0.044">
  <properties/>
  <testcase name="capture_success()" classname="com.zero.convpay.service.CardAdapterTest" time="0.034"/>
  <testcase name="capture_fail()" classname="com.zero.convpay.service.CardAdapterTest" time="0.001"/>
  <testcase name="cancelCapture_fail()" classname="com.zero.convpay.service.CardAdapterTest" time="0.003"/>
  <testcase name="cancelCapture_success()" classname="com.zero.convpay.service.CardAdapterTest" time="0.001"/>
  <system-out><![CDATA[]]></system-out>
  <system-err><![CDATA[]]></system-err>
</testsuite>
